-- SYSTEM --
2018-07-31 05:10:02 admin.conf
2018-07-31 05:10:02 stats.log
2018-07-31 05:10:02 history.log
2018-07-31 05:10:02 pam

-- WEB --
2018-07-31 05:10:02 server.resoft.org
2018-07-31 05:13:38 onuragtas.com
2018-07-31 05:13:38 resoft.tech
2018-07-31 05:13:39 lang.resoft.org
2018-07-31 05:13:39 recall.resoft.org
2018-07-31 05:13:39 renasoto.tk
2018-07-31 05:13:39 resoft.org
2018-07-31 05:13:39 vpn.resoft.org
2018-07-31 05:13:39 jwitter.tk
2018-07-31 05:13:39 socket.resoft.org
2018-07-31 05:13:39 admin.resoft.org
2018-07-31 05:13:39 onur.resoft.org
2018-07-31 05:13:39 yusuf.resoft.org
2018-07-31 05:13:39 *** 13 domains ***

-- DNS --
2018-07-31 05:13:39 server.resoft.org
2018-07-31 05:13:39 onuragtas.com
2018-07-31 05:13:39 resoft.tech
2018-07-31 05:13:39 lang.resoft.org
2018-07-31 05:13:39 recall.resoft.org
2018-07-31 05:13:40 renasoto.tk
2018-07-31 05:13:40 resoft.org
2018-07-31 05:13:40 vpn.resoft.org
2018-07-31 05:13:40 jwitter.tk
2018-07-31 05:13:40 socket.resoft.org
2018-07-31 05:13:40 admin.resoft.org
2018-07-31 05:13:40 onur.resoft.org
2018-07-31 05:13:40 yusuf.resoft.org
2018-07-31 05:13:40 *** 13 domains ***

-- MAIL --
2018-07-31 05:13:40 server.resoft.org
2018-07-31 05:13:40 onuragtas.com
2018-07-31 05:13:40 resoft.tech
2018-07-31 05:13:40 renasoto.tk
2018-07-31 05:13:40 resoft.org
2018-07-31 05:13:40 vpn.resoft.org
2018-07-31 05:13:40 jwitter.tk
2018-07-31 05:13:40 socket.resoft.org
2018-07-31 05:13:40 admin.resoft.org
2018-07-31 05:13:40 onur.resoft.org
2018-07-31 05:13:40 yusuf.resoft.org
2018-07-31 05:13:40 *** 11 domains ***

-- DB --
2018-07-31 05:13:40 admin_default (mysql)
